{"/Users/event/shri/4/ya_node/server/controllers/branchController.js":{"path":"/Users/event/shri/4/ya_node/server/controllers/branchController.js","statementMap":{"0":{"start":{"line":1,"column":21},"end":{"line":1,"column":55}},"1":{"start":{"line":2,"column":15},"end":{"line":2,"column":43}},"2":{"start":{"line":7,"column":8},"end":{"line":7,"column":41}},"3":{"start":{"line":11,"column":8},"end":{"line":18,"column":15}},"4":{"start":{"line":13,"column":16},"end":{"line":13,"column":76}},"5":{"start":{"line":15,"column":16},"end":{"line":17,"column":19}},"6":{"start":{"line":22,"column":25},"end":{"line":22,"column":47}},"7":{"start":{"line":24,"column":0},"end":{"line":24,"column":34}}},"fnMap":{"0":{"name":"(anonymous_0)","decl":{"start":{"line":6,"column":4},"end":{"line":6,"column":5}},"loc":{"start":{"line":6,"column":18},"end":{"line":8,"column":5}},"line":6},"1":{"name":"(anonymous_1)","decl":{"start":{"line":10,"column":4},"end":{"line":10,"column":5}},"loc":{"start":{"line":10,"column":24},"end":{"line":19,"column":5}},"line":10},"2":{"name":"(anonymous_2)","decl":{"start":{"line":12,"column":18},"end":{"line":12,"column":19}},"loc":{"start":{"line":12,"column":28},"end":{"line":14,"column":13}},"line":12},"3":{"name":"(anonymous_3)","decl":{"start":{"line":14,"column":21},"end":{"line":14,"column":22}},"loc":{"start":{"line":14,"column":30},"end":{"line":18,"column":13}},"line":14}},"branchMap":{},"s":{"0":1,"1":1,"2":1,"3":1,"4":1,"5":0,"6":1,"7":1},"f":{"0":1,"1":1,"2":1,"3":0},"b":{},"_coverageSchema":"332fd63041d2c1bcb487cc26dd0d5f7d97098a6c","hash":"404bc6f50f71f43b887c21acc9abd5561884cabd","contentHash":"c700629840bab8518bdcd39323e4114c_11.6.0"},"/Users/event/shri/4/ya_node/server/helpers/childProcess.js":{"path":"/Users/event/shri/4/ya_node/server/helpers/childProcess.js","statementMap":{"0":{"start":{"line":1,"column":15},"end":{"line":1,"column":53}},"1":{"start":{"line":2,"column":20},"end":{"line":2,"column":51}},"2":{"start":{"line":3,"column":21},"end":{"line":3,"column":53}},"3":{"start":{"line":8,"column":8},"end":{"line":8,"column":61}},"4":{"start":{"line":12,"column":8},"end":{"line":12,"column":82}},"5":{"start":{"line":16,"column":8},"end":{"line":18,"column":12}},"6":{"start":{"line":17,"column":12},"end":{"line":17,"column":110}},"7":{"start":{"line":22,"column":8},"end":{"line":22,"column":79}},"8":{"start":{"line":26,"column":8},"end":{"line":26,"column":74}},"9":{"start":{"line":30,"column":21},"end":{"line":30,"column":39}},"10":{"start":{"line":32,"column":0},"end":{"line":32,"column":30}}},"fnMap":{"0":{"name":"(anonymous_0)","decl":{"start":{"line":7,"column":4},"end":{"line":7,"column":5}},"loc":{"start":{"line":7,"column":16},"end":{"line":9,"column":5}},"line":7},"1":{"name":"(anonymous_1)","decl":{"start":{"line":11,"column":4},"end":{"line":11,"column":5}},"loc":{"start":{"line":11,"column":22},"end":{"line":13,"column":5}},"line":11},"2":{"name":"(anonymous_2)","decl":{"start":{"line":15,"column":4},"end":{"line":15,"column":5}},"loc":{"start":{"line":15,"column":27},"end":{"line":19,"column":5}},"line":15},"3":{"name":"(anonymous_3)","decl":{"start":{"line":16,"column":38},"end":{"line":16,"column":39}},"loc":{"start":{"line":16,"column":48},"end":{"line":18,"column":9}},"line":16},"4":{"name":"(anonymous_4)","decl":{"start":{"line":21,"column":4},"end":{"line":21,"column":5}},"loc":{"start":{"line":21,"column":21},"end":{"line":23,"column":5}},"line":21},"5":{"name":"(anonymous_5)","decl":{"start":{"line":25,"column":4},"end":{"line":25,"column":5}},"loc":{"start":{"line":25,"column":22},"end":{"line":27,"column":5}},"line":25}},"branchMap":{},"s":{"0":1,"1":1,"2":1,"3":0,"4":0,"5":0,"6":0,"7":0,"8":0,"9":1,"10":1},"f":{"0":0,"1":0,"2":0,"3":0,"4":0,"5":0},"b":{},"_coverageSchema":"332fd63041d2c1bcb487cc26dd0d5f7d97098a6c","hash":"f24e9597cc30e903922bef89c91ca7a736b7c933","contentHash":"e13649afc9270230fa9f0f1b30ec9c32_11.6.0"},"/Users/event/shri/4/ya_node/server/config/config.js":{"path":"/Users/event/shri/4/ya_node/server/config/config.js","statementMap":{"0":{"start":{"line":1,"column":0},"end":{"line":5,"column":2}}},"fnMap":{},"branchMap":{},"s":{"0":1},"f":{},"b":{},"_coverageSchema":"332fd63041d2c1bcb487cc26dd0d5f7d97098a6c","hash":"a3c7dab3fca4aecdd171bfc54366c01977505bcf","contentHash":"87a99898e2eef881bf17bfe27e31cab5_11.6.0"},"/Users/event/shri/4/ya_node/server/utils/execProcess.js":{"path":"/Users/event/shri/4/ya_node/server/utils/execProcess.js","statementMap":{"0":{"start":{"line":1,"column":13},"end":{"line":1,"column":42}},"1":{"start":{"line":3,"column":20},"end":{"line":10,"column":2}},"2":{"start":{"line":3,"column":42},"end":{"line":10,"column":2}},"3":{"start":{"line":4,"column":4},"end":{"line":9,"column":7}},"4":{"start":{"line":5,"column":8},"end":{"line":7,"column":9}},"5":{"start":{"line":6,"column":12},"end":{"line":6,"column":31}},"6":{"start":{"line":8,"column":8},"end":{"line":8,"column":24}},"7":{"start":{"line":12,"column":0},"end":{"line":12,"column":29}}},"fnMap":{"0":{"name":"(anonymous_0)","decl":{"start":{"line":3,"column":20},"end":{"line":3,"column":21}},"loc":{"start":{"line":3,"column":42},"end":{"line":10,"column":2}},"line":3},"1":{"name":"(anonymous_1)","decl":{"start":{"line":3,"column":54},"end":{"line":3,"column":55}},"loc":{"start":{"line":3,"column":75},"end":{"line":10,"column":1}},"line":3},"2":{"name":"(anonymous_2)","decl":{"start":{"line":4,"column":27},"end":{"line":4,"column":28}},"loc":{"start":{"line":4,"column":52},"end":{"line":9,"column":5}},"line":4}},"branchMap":{"0":{"loc":{"start":{"line":5,"column":8},"end":{"line":7,"column":9}},"type":"if","locations":[{"start":{"line":5,"column":8},"end":{"line":7,"column":9}},{"start":{"line":5,"column":8},"end":{"line":7,"column":9}}],"line":5}},"s":{"0":1,"1":1,"2":4,"3":4,"4":4,"5":0,"6":4,"7":1},"f":{"0":4,"1":4,"2":4},"b":{"0":[0,4]},"_coverageSchema":"332fd63041d2c1bcb487cc26dd0d5f7d97098a6c","hash":"718973beee424da4350dd44bec905f46a731e1f5","contentHash":"462fa8a74d48c9ba7acc7bff1ec0308b_11.6.0"},"/Users/event/shri/4/ya_node/server/utils/spawnProcess.js":{"path":"/Users/event/shri/4/ya_node/server/utils/spawnProcess.js","statementMap":{"0":{"start":{"line":1,"column":14},"end":{"line":1,"column":44}},"1":{"start":{"line":3,"column":21},"end":{"line":7,"column":2}},"2":{"start":{"line":3,"column":49},"end":{"line":7,"column":2}},"3":{"start":{"line":4,"column":18},"end":{"line":4,"column":47}},"4":{"start":{"line":5,"column":4},"end":{"line":5,"column":59}},"5":{"start":{"line":5,"column":42},"end":{"line":5,"column":57}},"6":{"start":{"line":6,"column":4},"end":{"line":6,"column":58}},"7":{"start":{"line":6,"column":42},"end":{"line":6,"column":56}},"8":{"start":{"line":9,"column":0},"end":{"line":9,"column":30}}},"fnMap":{"0":{"name":"(anonymous_0)","decl":{"start":{"line":3,"column":21},"end":{"line":3,"column":22}},"loc":{"start":{"line":3,"column":49},"end":{"line":7,"column":2}},"line":3},"1":{"name":"(anonymous_1)","decl":{"start":{"line":3,"column":61},"end":{"line":3,"column":62}},"loc":{"start":{"line":3,"column":82},"end":{"line":7,"column":1}},"line":3},"2":{"name":"(anonymous_2)","decl":{"start":{"line":5,"column":30},"end":{"line":5,"column":31}},"loc":{"start":{"line":5,"column":42},"end":{"line":5,"column":57}},"line":5},"3":{"name":"(anonymous_3)","decl":{"start":{"line":6,"column":30},"end":{"line":6,"column":31}},"loc":{"start":{"line":6,"column":42},"end":{"line":6,"column":56}},"line":6}},"branchMap":{},"s":{"0":1,"1":1,"2":0,"3":0,"4":0,"5":0,"6":0,"7":0,"8":1},"f":{"0":0,"1":0,"2":0,"3":0},"b":{},"_coverageSchema":"332fd63041d2c1bcb487cc26dd0d5f7d97098a6c","hash":"2359b4fc7e1ebc68df049f3333f97d5d854d8ca7","contentHash":"e24ea472020bde9a2e60335a0b14c394_11.6.0"},"/Users/event/shri/4/ya_node/server/helpers/branch.js":{"path":"/Users/event/shri/4/ya_node/server/helpers/branch.js","statementMap":{"0":{"start":{"line":4,"column":8},"end":{"line":6,"column":11}},"1":{"start":{"line":5,"column":12},"end":{"line":5,"column":50}},"2":{"start":{"line":9,"column":15},"end":{"line":9,"column":27}},"3":{"start":{"line":11,"column":0},"end":{"line":11,"column":24}}},"fnMap":{"0":{"name":"(anonymous_0)","decl":{"start":{"line":3,"column":4},"end":{"line":3,"column":5}},"loc":{"start":{"line":3,"column":23},"end":{"line":7,"column":5}},"line":3},"1":{"name":"(anonymous_1)","decl":{"start":{"line":4,"column":51},"end":{"line":4,"column":52}},"loc":{"start":{"line":4,"column":61},"end":{"line":6,"column":9}},"line":4}},"branchMap":{},"s":{"0":2,"1":6,"2":1,"3":1},"f":{"0":2,"1":6},"b":{},"_coverageSchema":"332fd63041d2c1bcb487cc26dd0d5f7d97098a6c","hash":"a01cb37efb351e5a8ba3323cbbaf59525efdeded","contentHash":"73ffd55f24704f6566ffcd13f28aca34_11.6.0"},"/Users/event/shri/4/ya_node/server/controllers/fileController.js":{"path":"/Users/event/shri/4/ya_node/server/controllers/fileController.js","statementMap":{"0":{"start":{"line":1,"column":21},"end":{"line":1,"column":55}},"1":{"start":{"line":6,"column":8},"end":{"line":6,"column":41}},"2":{"start":{"line":10,"column":21},"end":{"line":10,"column":36}},"3":{"start":{"line":11,"column":8},"end":{"line":18,"column":15}},"4":{"start":{"line":13,"column":16},"end":{"line":13,"column":49}},"5":{"start":{"line":15,"column":16},"end":{"line":17,"column":19}},"6":{"start":{"line":22,"column":23},"end":{"line":22,"column":43}},"7":{"start":{"line":24,"column":0},"end":{"line":24,"column":32}}},"fnMap":{"0":{"name":"(anonymous_0)","decl":{"start":{"line":5,"column":4},"end":{"line":5,"column":5}},"loc":{"start":{"line":5,"column":18},"end":{"line":7,"column":5}},"line":5},"1":{"name":"(anonymous_1)","decl":{"start":{"line":9,"column":4},"end":{"line":9,"column":5}},"loc":{"start":{"line":9,"column":26},"end":{"line":19,"column":5}},"line":9},"2":{"name":"(anonymous_2)","decl":{"start":{"line":12,"column":18},"end":{"line":12,"column":19}},"loc":{"start":{"line":12,"column":28},"end":{"line":14,"column":13}},"line":12},"3":{"name":"(anonymous_3)","decl":{"start":{"line":14,"column":21},"end":{"line":14,"column":22}},"loc":{"start":{"line":14,"column":32},"end":{"line":18,"column":13}},"line":14}},"branchMap":{},"s":{"0":1,"1":1,"2":1,"3":1,"4":1,"5":0,"6":1,"7":1},"f":{"0":1,"1":1,"2":1,"3":0},"b":{},"_coverageSchema":"332fd63041d2c1bcb487cc26dd0d5f7d97098a6c","hash":"e6065751b27a761a2e5dc30435af9ec385906655","contentHash":"52910417792ac33a27f78f0cbac8c3df_11.6.0"},"/Users/event/shri/4/ya_node/server/helpers/commit.js":{"path":"/Users/event/shri/4/ya_node/server/helpers/commit.js","statementMap":{"0":{"start":{"line":1,"column":20},"end":{"line":1,"column":51}},"1":{"start":{"line":6,"column":8},"end":{"line":6,"column":33}},"2":{"start":{"line":10,"column":8},"end":{"line":14,"column":11}},"3":{"start":{"line":11,"column":42},"end":{"line":11,"column":65}},"4":{"start":{"line":12,"column":12},"end":{"line":12,"column":49}},"5":{"start":{"line":13,"column":12},"end":{"line":13,"column":45}},"6":{"start":{"line":18,"column":15},"end":{"line":18,"column":27}},"7":{"start":{"line":20,"column":0},"end":{"line":20,"column":24}}},"fnMap":{"0":{"name":"(anonymous_0)","decl":{"start":{"line":5,"column":4},"end":{"line":5,"column":5}},"loc":{"start":{"line":5,"column":26},"end":{"line":7,"column":5}},"line":5},"1":{"name":"(anonymous_1)","decl":{"start":{"line":9,"column":4},"end":{"line":9,"column":5}},"loc":{"start":{"line":9,"column":40},"end":{"line":15,"column":5}},"line":9},"2":{"name":"(anonymous_2)","decl":{"start":{"line":10,"column":30},"end":{"line":10,"column":31}},"loc":{"start":{"line":10,"column":46},"end":{"line":14,"column":9}},"line":10}},"branchMap":{},"s":{"0":1,"1":0,"2":1,"3":3,"4":3,"5":3,"6":1,"7":1},"f":{"0":0,"1":1,"2":3},"b":{},"_coverageSchema":"332fd63041d2c1bcb487cc26dd0d5f7d97098a6c","hash":"0a972ae991ea3c191842a8dbf0ae7362f46b1732","contentHash":"1a1772fd800341e21e007d9798c8361d_11.6.0"},"/Users/event/shri/4/ya_node/server/utils/parseString.js":{"path":"/Users/event/shri/4/ya_node/server/utils/parseString.js","statementMap":{"0":{"start":{"line":1,"column":20},"end":{"line":3,"column":1}},"1":{"start":{"line":2,"column":4},"end":{"line":2,"column":38}},"2":{"start":{"line":5,"column":0},"end":{"line":5,"column":29}}},"fnMap":{"0":{"name":"(anonymous_0)","decl":{"start":{"line":1,"column":20},"end":{"line":1,"column":21}},"loc":{"start":{"line":1,"column":29},"end":{"line":3,"column":1}},"line":1}},"branchMap":{},"s":{"0":1,"1":5,"2":1},"f":{"0":5},"b":{},"_coverageSchema":"332fd63041d2c1bcb487cc26dd0d5f7d97098a6c","hash":"4fc41b96206d546d7d1f3980d74f35b93b0191df","contentHash":"3bac96f3e8ece7ea2b07a4acdfbd3608_11.6.0"},"/Users/event/shri/4/ya_node/server/helpers/dir.js":{"path":"/Users/event/shri/4/ya_node/server/helpers/dir.js","statementMap":{"0":{"start":{"line":1,"column":20},"end":{"line":1,"column":51}},"1":{"start":{"line":6,"column":8},"end":{"line":10,"column":11}},"2":{"start":{"line":6,"column":45},"end":{"line":6,"column":53}},"3":{"start":{"line":7,"column":38},"end":{"line":7,"column":52}},"4":{"start":{"line":8,"column":33},"end":{"line":8,"column":53}},"5":{"start":{"line":9,"column":12},"end":{"line":9,"column":38}},"6":{"start":{"line":13,"column":12},"end":{"line":13,"column":21}},"7":{"start":{"line":15,"column":0},"end":{"line":15,"column":21}}},"fnMap":{"0":{"name":"(anonymous_0)","decl":{"start":{"line":5,"column":4},"end":{"line":5,"column":5}},"loc":{"start":{"line":5,"column":26},"end":{"line":11,"column":5}},"line":5},"1":{"name":"(anonymous_1)","decl":{"start":{"line":6,"column":40},"end":{"line":6,"column":41}},"loc":{"start":{"line":6,"column":45},"end":{"line":6,"column":53}},"line":6},"2":{"name":"(anonymous_2)","decl":{"start":{"line":6,"column":59},"end":{"line":6,"column":60}},"loc":{"start":{"line":6,"column":67},"end":{"line":10,"column":9}},"line":6}},"branchMap":{},"s":{"0":1,"1":1,"2":3,"3":3,"4":3,"5":3,"6":1,"7":1},"f":{"0":1,"1":3,"2":3},"b":{},"_coverageSchema":"332fd63041d2c1bcb487cc26dd0d5f7d97098a6c","hash":"7b2a3735ed010ad3f49f45bad394cab446c0f462","contentHash":"f5387c1308db955fb8f51346771c4e69_11.6.0"}}